This is pdfTeX, Version 3.14159265-2.6-1.40.20 (TeX Live 2019/Debian) (preloaded format=pdflatex 2021.2.7)  11 JUN 2022 07:51
entering extended mode
 restricted \write18 enabled.
 %&-line parsing enabled.
**TheoreticalNeuroscience.tex
(./TheoreticalNeuroscience.tex
LaTeX2e <2020-02-02> patch level 2
L3 programming layer <2020-02-14>
(/usr/share/texlive/texmf-dist/tex/latex/base/book.cls
Document Class: book 2019/12/20 v1.4l Standard LaTeX document class
(/usr/share/texlive/texmf-dist/tex/latex/base/bk10.clo
File: bk10.clo 2019/12/20 v1.4l Standard LaTeX file (size option)
)
\c@part=\count167
\c@chapter=\count168
\c@section=\count169
\c@subsection=\count170
\c@subsubsection=\count171
\c@paragraph=\count172
\c@subparagraph=\count173
\c@figure=\count174
\c@table=\count175
\abovecaptionskip=\skip47
\belowcaptionskip=\skip48
\bibindent=\dimen134
)
(/usr/share/texlive/texmf-dist/tex/latex/geometry/geometry.sty
Package: geometry 2020/01/02 v5.9 Page Geometry

(/usr/share/texlive/texmf-dist/tex/latex/graphics/keyval.sty
Package: keyval 2014/10/28 v1.15 key=value parser (DPC)
\KV@toks@=\toks14
)
(/usr/share/texlive/texmf-dist/tex/generic/iftex/ifvtex.sty
Package: ifvtex 2019/10/25 v1.7 ifvtex legacy package. Use iftex instead.

(/usr/share/texlive/texmf-dist/tex/generic/iftex/iftex.sty
Package: iftex 2019/11/07 v1.0c TeX engine tests
))
\Gm@cnth=\count176
\Gm@cntv=\count177
\c@Gm@tempcnt=\count178
\Gm@bindingoffset=\dimen135
\Gm@wd@mp=\dimen136
\Gm@odd@mp=\dimen137
\Gm@even@mp=\dimen138
\Gm@layoutwidth=\dimen139
\Gm@layoutheight=\dimen140
\Gm@layouthoffset=\dimen141
\Gm@layoutvoffset=\dimen142
\Gm@dimlist=\toks15
)
(/usr/share/texlive/texmf-dist/tex/latex/marginfix/marginfix.sty
Package: marginfix 2013/09/08 v1.1 Fix Margin Paragraphs
\Mfx@inject@insert=\insert199
\Mfx@marginbox=\box45
\Mfx@marginpos@min=\dimen143
\Mfx@marginpos@max=\dimen144
\Mfx@marginspace=\dimen145
\Mfx@marginheight=\dimen146
\Mfx@piece@content=\box46
\Mfx@piece@count=\count179
\Mfx@mparshift=\dimen147
\marginheightadjustment=\dimen148
\marginposadjustment=\dimen149
\Mfx@strutheight=\dimen150
)
(/usr/share/texlive/texmf-dist/tex/latex/amsfonts/amsfonts.sty
Package: amsfonts 2013/01/14 v3.01 Basic AMSFonts support
\@emptytoks=\toks16
\symAMSa=\mathgroup4
\symAMSb=\mathgroup5
LaTeX Font Info:    Redeclaring math symbol \hbar on input line 98.
LaTeX Font Info:    Overwriting math alphabet `\mathfrak' in version `bold'
(Font)                  U/euf/m/n --> U/euf/b/n on input line 106.
)
(/usr/share/texlive/texmf-dist/tex/latex/amsmath/amsmath.sty
Package: amsmath 2020/01/20 v2.17e AMS math features
\@mathmargin=\skip49

For additional information on amsmath, use the `?' option.
(/usr/share/texlive/texmf-dist/tex/latex/amsmath/amstext.sty
Package: amstext 2000/06/29 v2.01 AMS text

(/usr/share/texlive/texmf-dist/tex/latex/amsmath/amsgen.sty
File: amsgen.sty 1999/11/30 v2.0 generic functions
\@emptytoks=\toks17
\ex@=\dimen151
))
(/usr/share/texlive/texmf-dist/tex/latex/amsmath/amsbsy.sty
Package: amsbsy 1999/11/29 v1.2d Bold Symbols
\pmbraise@=\dimen152
)
(/usr/share/texlive/texmf-dist/tex/latex/amsmath/amsopn.sty
Package: amsopn 2016/03/08 v2.02 operator names
)
\inf@bad=\count180
LaTeX Info: Redefining \frac on input line 227.
\uproot@=\count181
\leftroot@=\count182
LaTeX Info: Redefining \overline on input line 389.
\classnum@=\count183
\DOTSCASE@=\count184
LaTeX Info: Redefining \ldots on input line 486.
LaTeX Info: Redefining \dots on input line 489.
LaTeX Info: Redefining \cdots on input line 610.
\Mathstrutbox@=\box47
\strutbox@=\box48
\big@size=\dimen153
LaTeX Font Info:    Redeclaring font encoding OML on input line 733.
LaTeX Font Info:    Redeclaring font encoding OMS on input line 734.
\macc@depth=\count185
\c@MaxMatrixCols=\count186
\dotsspace@=\muskip16
\c@parentequation=\count187
\dspbrk@lvl=\count188
\tag@help=\toks18
\row@=\count189
\column@=\count190
\maxfields@=\count191
\andhelp@=\toks19
\eqnshift@=\dimen154
\alignsep@=\dimen155
\tagshift@=\dimen156
\tagwidth@=\dimen157
\totwidth@=\dimen158
\lineht@=\dimen159
\@envbody=\toks20
\multlinegap=\skip50
\multlinetaggap=\skip51
\mathdisplay@stack=\toks21
LaTeX Info: Redefining \[ on input line 2859.
LaTeX Info: Redefining \] on input line 2860.
)
(/usr/share/texlive/texmf-dist/tex/latex/amsfonts/amssymb.sty
Package: amssymb 2013/01/14 v3.01 AMS font symbols
)
(/usr/share/texlive/texmf-dist/tex/latex/amscls/amsthm.sty
Package: amsthm 2017/10/31 v2.20.4
\thm@style=\toks22
\thm@bodyfont=\toks23
\thm@headfont=\toks24
\thm@notefont=\toks25
\thm@headpunct=\toks26
\thm@preskip=\skip52
\thm@postskip=\skip53
\thm@headsep=\skip54
\dth@everypar=\toks27
)
(/usr/share/texmf/tex/latex/CJK/CJKutf8.sty
Package: CJKutf8 2015/04/18 4.8.4

(/usr/share/texlive/texmf-dist/tex/generic/iftex/ifpdf.sty
Package: ifpdf 2019/10/25 v3.4 ifpdf legacy package. Use iftex instead.
)
(/usr/share/texlive/texmf-dist/tex/latex/base/inputenc.sty
Package: inputenc 2018/08/11 v1.3c Input encoding file
\inpenc@prehook=\toks28
\inpenc@posthook=\toks29
)
(/usr/share/texmf/tex/latex/CJK/CJK.sty
Package: CJK 2015/04/18 4.8.4

(/usr/share/texmf/tex/latex/CJK/mule/MULEenc.sty
Package: MULEenc 2015/04/18 4.8.4
)
(/usr/share/texmf/tex/latex/CJK/CJK.enc
File: CJK.enc 2015/04/18 4.8.4
Now handling font encoding C00 ...
... no UTF-8 mapping file for font encoding C00
Now handling font encoding C05 ...
... no UTF-8 mapping file for font encoding C05
Now handling font encoding C09 ...
... no UTF-8 mapping file for font encoding C09
Now handling font encoding C10 ...
... no UTF-8 mapping file for font encoding C10
Now handling font encoding C20 ...
... no UTF-8 mapping file for font encoding C20
Now handling font encoding C19 ...
... no UTF-8 mapping file for font encoding C19
Now handling font encoding C40 ...
... no UTF-8 mapping file for font encoding C40
Now handling font encoding C42 ...
... no UTF-8 mapping file for font encoding C42
Now handling font encoding C43 ...
... no UTF-8 mapping file for font encoding C43
Now handling font encoding C50 ...
... no UTF-8 mapping file for font encoding C50
Now handling font encoding C52 ...
... no UTF-8 mapping file for font encoding C52
Now handling font encoding C49 ...
... no UTF-8 mapping file for font encoding C49
Now handling font encoding C60 ...
... no UTF-8 mapping file for font encoding C60
Now handling font encoding C61 ...
... no UTF-8 mapping file for font encoding C61
Now handling font encoding C63 ...
... no UTF-8 mapping file for font encoding C63
Now handling font encoding C64 ...
... no UTF-8 mapping file for font encoding C64
Now handling font encoding C65 ...
... no UTF-8 mapping file for font encoding C65
Now handling font encoding C70 ...
... no UTF-8 mapping file for font encoding C70
Now handling font encoding C31 ...
... no UTF-8 mapping file for font encoding C31
Now handling font encoding C32 ...
... no UTF-8 mapping file for font encoding C32
Now handling font encoding C33 ...
... no UTF-8 mapping file for font encoding C33
Now handling font encoding C34 ...
... no UTF-8 mapping file for font encoding C34
Now handling font encoding C35 ...
... no UTF-8 mapping file for font encoding C35
Now handling font encoding C36 ...
... no UTF-8 mapping file for font encoding C36
Now handling font encoding C37 ...
... no UTF-8 mapping file for font encoding C37
Now handling font encoding C80 ...
... no UTF-8 mapping file for font encoding C80
Now handling font encoding C81 ...
... no UTF-8 mapping file for font encoding C81
Now handling font encoding C01 ...
... no UTF-8 mapping file for font encoding C01
Now handling font encoding C11 ...
... no UTF-8 mapping file for font encoding C11
Now handling font encoding C21 ...
... no UTF-8 mapping file for font encoding C21
Now handling font encoding C41 ...
... no UTF-8 mapping file for font encoding C41
Now handling font encoding C62 ...
... no UTF-8 mapping file for font encoding C62
)
LaTeX Info: Redefining \selectfont on input line 755.
\CJK@indent=\box49
)
(/usr/share/texlive/texmf-dist/tex/latex/base/fontenc.sty
Package: fontenc 2020/02/11 v2.0o Standard LaTeX package
))
(/usr/share/texlive/texmf-dist/tex/latex/tools/enumerate.sty
Package: enumerate 2015/07/23 v3.00 enumerate extensions (DPC)
\@enLab=\toks30
)
(/usr/share/texlive/texmf-dist/tex/latex/graphics/graphicx.sty
Package: graphicx 2019/11/30 v1.2a Enhanced LaTeX Graphics (DPC,SPQR)

(/usr/share/texlive/texmf-dist/tex/latex/graphics/graphics.sty
Package: graphics 2019/11/30 v1.4a Standard LaTeX Graphics (DPC,SPQR)

(/usr/share/texlive/texmf-dist/tex/latex/graphics/trig.sty
Package: trig 2016/01/03 v1.10 sin cos tan (DPC)
)
(/usr/share/texlive/texmf-dist/tex/latex/graphics-cfg/graphics.cfg
File: graphics.cfg 2016/06/04 v1.11 sample graphics configuration
)
Package graphics Info: Driver file: pdftex.def on input line 105.

(/usr/share/texlive/texmf-dist/tex/latex/graphics-def/pdftex.def
File: pdftex.def 2018/01/08 v1.0l Graphics/color driver for pdftex
))
\Gin@req@height=\dimen160
\Gin@req@width=\dimen161
)
(/usr/share/texlive/texmf-dist/tex/latex/tools/layout.sty
Package: layout 2014/10/28 v1.2c Show layout parameters
\oneinch=\count192
\cnt@paperwidth=\count193
\cnt@paperheight=\count194
\cnt@hoffset=\count195
\cnt@voffset=\count196
\cnt@textheight=\count197
\cnt@textwidth=\count198
\cnt@topmargin=\count266
\cnt@oddsidemargin=\count267
\cnt@evensidemargin=\count268
\cnt@headheight=\count269
\cnt@headsep=\count270
\cnt@marginparsep=\count271
\cnt@marginparwidth=\count272
\cnt@marginparpush=\count273
\cnt@footskip=\count274
\fheight=\count275
\ref@top=\count276
\ref@hoffset=\count277
\ref@voffset=\count278
\ref@head=\count279
\ref@body=\count280
\ref@foot=\count281
\ref@margin=\count282
\ref@marginwidth=\count283
\ref@marginpar=\count284
\Interval=\count285
\ExtraYPos=\count286
\PositionX=\count287
\PositionY=\count288
\ArrowLength=\count289
)
(/usr/share/texlive/texmf-dist/tex/latex/tools/multicol.sty
Package: multicol 2019/12/09 v1.8y multicolumn formatting (FMi)
\c@tracingmulticols=\count290
\mult@box=\box50
\multicol@leftmargin=\dimen162
\c@unbalance=\count291
\c@collectmore=\count292
\doublecol@number=\count293
\multicoltolerance=\count294
\multicolpretolerance=\count295
\full@width=\dimen163
\page@free=\dimen164
\premulticols=\dimen165
\postmulticols=\dimen166
\multicolsep=\skip55
\multicolbaselineskip=\skip56
\partial@page=\box51
\last@line=\box52
\maxbalancingoverflow=\dimen167
\mult@rightbox=\box53
\mult@grightbox=\box54
\mult@gfirstbox=\box55
\mult@firstbox=\box56
\@tempa=\box57
\@tempa=\box58
\@tempa=\box59
\@tempa=\box60
\@tempa=\box61
\@tempa=\box62
\@tempa=\box63
\@tempa=\box64
\@tempa=\box65
\@tempa=\box66
\@tempa=\box67
\@tempa=\box68
\@tempa=\box69
\@tempa=\box70
\@tempa=\box71
\@tempa=\box72
\@tempa=\box73
\@tempa=\box74
\@tempa=\box75
\@tempa=\box76
\@tempa=\box77
\@tempa=\box78
\@tempa=\box79
\@tempa=\box80
\@tempa=\box81
\@tempa=\box82
\@tempa=\box83
\@tempa=\box84
\@tempa=\box85
\@tempa=\box86
\@tempa=\box87
\@tempa=\box88
\@tempa=\box89
\@tempa=\box90
\@tempa=\box91
\@tempa=\box92
\@tempa=\box93
\c@minrows=\count296
\c@columnbadness=\count297
\c@finalcolumnbadness=\count298
\last@try=\dimen168
\multicolovershoot=\dimen169
\multicolundershoot=\dimen170
\mult@nat@firstbox=\box94
\colbreak@box=\box95
\mc@col@check@num=\count299
)
(/usr/share/texlive/texmf-dist/tex/latex/jknapltx/mathrsfs.sty
Package: mathrsfs 1996/01/01 Math RSFS package v1.0 (jk)
\symrsfs=\mathgroup6
)
(/usr/share/texlive/texmf-dist/tex/latex/fancyhdr/fancyhdr.sty
Package: fancyhdr 2019/01/31 v3.10 Extensive control of page headers and footer
s
\f@nch@headwidth=\skip57
\f@nch@O@elh=\skip58
\f@nch@O@erh=\skip59
\f@nch@O@olh=\skip60
\f@nch@O@orh=\skip61
\f@nch@O@elf=\skip62
\f@nch@O@erf=\skip63
\f@nch@O@olf=\skip64
\f@nch@O@orf=\skip65
)
(/usr/share/texlive/texmf-dist/tex/latex/subfigure/subfigure.sty
Package: subfigure 2002/03/15 v2.1.5 subfigure package
\subfigtopskip=\skip66
\subfigcapskip=\skip67
\subfigcaptopadj=\dimen171
\subfigbottomskip=\skip68
\subfigcapmargin=\dimen172
\subfiglabelskip=\skip69
\c@subfigure=\count300
\c@lofdepth=\count301
\c@subtable=\count302
\c@lotdepth=\count303

****************************************
* Local config file subfigure.cfg used *
****************************************
(/usr/share/texlive/texmf-dist/tex/latex/subfigure/subfigure.cfg)
\subfig@top=\skip70
\subfig@bottom=\skip71
)
(/usr/share/texlive/texmf-dist/tex/latex/tcolorbox/tcolorbox.sty
Package: tcolorbox 2019/11/15 version 4.22 text color boxes

(/usr/share/texlive/texmf-dist/tex/latex/pgf/basiclayer/pgf.sty
(/usr/share/texlive/texmf-dist/tex/latex/pgf/utilities/pgfrcs.sty
(/usr/share/texlive/texmf-dist/tex/generic/pgf/utilities/pgfutil-common.tex
\pgfutil@everybye=\toks31
\pgfutil@tempdima=\dimen173
\pgfutil@tempdimb=\dimen174

(/usr/share/texlive/texmf-dist/tex/generic/pgf/utilities/pgfutil-common-lists.t
ex)) (/usr/share/texlive/texmf-dist/tex/generic/pgf/utilities/pgfutil-latex.def
\pgfutil@abb=\box96
(/usr/share/texlive/texmf-dist/tex/latex/ms/everyshi.sty
Package: everyshi 2001/05/15 v3.00 EveryShipout Package (MS)
))
(/usr/share/texlive/texmf-dist/tex/generic/pgf/utilities/pgfrcs.code.tex
(/usr/share/texlive/texmf-dist/tex/generic/pgf/pgf.revision.tex)
Package: pgfrcs 2020/01/08 v3.1.5b (3.1.5b)
))
Package: pgf 2020/01/08 v3.1.5b (3.1.5b)

(/usr/share/texlive/texmf-dist/tex/latex/pgf/basiclayer/pgfcore.sty
(/usr/share/texlive/texmf-dist/tex/latex/pgf/systemlayer/pgfsys.sty
(/usr/share/texlive/texmf-dist/tex/generic/pgf/systemlayer/pgfsys.code.tex
Package: pgfsys 2020/01/08 v3.1.5b (3.1.5b)

(/usr/share/texlive/texmf-dist/tex/generic/pgf/utilities/pgfkeys.code.tex
\pgfkeys@pathtoks=\toks32
\pgfkeys@temptoks=\toks33

(/usr/share/texlive/texmf-dist/tex/generic/pgf/utilities/pgfkeysfiltered.code.t
ex
\pgfkeys@tmptoks=\toks34
))
\pgf@x=\dimen175
\pgf@y=\dimen176
\pgf@xa=\dimen177
\pgf@ya=\dimen178
\pgf@xb=\dimen179
\pgf@yb=\dimen180
\pgf@xc=\dimen181
\pgf@yc=\dimen182
\pgf@xd=\dimen183
\pgf@yd=\dimen184
\w@pgf@writea=\write3
\r@pgf@reada=\read2
\c@pgf@counta=\count304
\c@pgf@countb=\count305
\c@pgf@countc=\count306
\c@pgf@countd=\count307
\t@pgf@toka=\toks35
\t@pgf@tokb=\toks36
\t@pgf@tokc=\toks37
\pgf@sys@id@count=\count308
 (/usr/share/texlive/texmf-dist/tex/generic/pgf/systemlayer/pgf.cfg
File: pgf.cfg 2020/01/08 v3.1.5b (3.1.5b)
)
Driver file for pgf: pgfsys-pdftex.def

(/usr/share/texlive/texmf-dist/tex/generic/pgf/systemlayer/pgfsys-pdftex.def
File: pgfsys-pdftex.def 2020/01/08 v3.1.5b (3.1.5b)

(/usr/share/texlive/texmf-dist/tex/generic/pgf/systemlayer/pgfsys-common-pdf.de
f
File: pgfsys-common-pdf.def 2020/01/08 v3.1.5b (3.1.5b)
)))
(/usr/share/texlive/texmf-dist/tex/generic/pgf/systemlayer/pgfsyssoftpath.code.
tex
File: pgfsyssoftpath.code.tex 2020/01/08 v3.1.5b (3.1.5b)
\pgfsyssoftpath@smallbuffer@items=\count309
\pgfsyssoftpath@bigbuffer@items=\count310
)
(/usr/share/texlive/texmf-dist/tex/generic/pgf/systemlayer/pgfsysprotocol.code.
tex
File: pgfsysprotocol.code.tex 2020/01/08 v3.1.5b (3.1.5b)
)) (/usr/share/texlive/texmf-dist/tex/latex/xcolor/xcolor.sty
Package: xcolor 2016/05/11 v2.12 LaTeX color extensions (UK)

(/usr/share/texlive/texmf-dist/tex/latex/graphics-cfg/color.cfg
File: color.cfg 2016/01/02 v1.6 sample color configuration
)
Package xcolor Info: Driver file: pdftex.def on input line 225.
Package xcolor Info: Model `cmy' substituted by `cmy0' on input line 1348.
Package xcolor Info: Model `hsb' substituted by `rgb' on input line 1352.
Package xcolor Info: Model `RGB' extended on input line 1364.
Package xcolor Info: Model `HTML' substituted by `rgb' on input line 1366.
Package xcolor Info: Model `Hsb' substituted by `hsb' on input line 1367.
Package xcolor Info: Model `tHsb' substituted by `hsb' on input line 1368.
Package xcolor Info: Model `HSB' substituted by `hsb' on input line 1369.
Package xcolor Info: Model `Gray' substituted by `gray' on input line 1370.
Package xcolor Info: Model `wave' substituted by `hsb' on input line 1371.
)
(/usr/share/texlive/texmf-dist/tex/generic/pgf/basiclayer/pgfcore.code.tex
Package: pgfcore 2020/01/08 v3.1.5b (3.1.5b)

(/usr/share/texlive/texmf-dist/tex/generic/pgf/math/pgfmath.code.tex
(/usr/share/texlive/texmf-dist/tex/generic/pgf/math/pgfmathcalc.code.tex
(/usr/share/texlive/texmf-dist/tex/generic/pgf/math/pgfmathutil.code.tex)
(/usr/share/texlive/texmf-dist/tex/generic/pgf/math/pgfmathparser.code.tex
\pgfmath@dimen=\dimen185
\pgfmath@count=\count311
\pgfmath@box=\box97
\pgfmath@toks=\toks38
\pgfmath@stack@operand=\toks39
\pgfmath@stack@operation=\toks40
)
(/usr/share/texlive/texmf-dist/tex/generic/pgf/math/pgfmathfunctions.code.tex
(/usr/share/texlive/texmf-dist/tex/generic/pgf/math/pgfmathfunctions.basic.code
.tex)
(/usr/share/texlive/texmf-dist/tex/generic/pgf/math/pgfmathfunctions.trigonomet
ric.code.tex)
(/usr/share/texlive/texmf-dist/tex/generic/pgf/math/pgfmathfunctions.random.cod
e.tex)
(/usr/share/texlive/texmf-dist/tex/generic/pgf/math/pgfmathfunctions.comparison
.code.tex)
(/usr/share/texlive/texmf-dist/tex/generic/pgf/math/pgfmathfunctions.base.code.
tex)
(/usr/share/texlive/texmf-dist/tex/generic/pgf/math/pgfmathfunctions.round.code
.tex)
(/usr/share/texlive/texmf-dist/tex/generic/pgf/math/pgfmathfunctions.misc.code.
tex)
(/usr/share/texlive/texmf-dist/tex/generic/pgf/math/pgfmathfunctions.integerari
thmetics.code.tex)))
(/usr/share/texlive/texmf-dist/tex/generic/pgf/math/pgfmathfloat.code.tex
\c@pgfmathroundto@lastzeros=\count312
))
(/usr/share/texlive/texmf-dist/tex/generic/pgf/math/pgfint.code.tex)
(/usr/share/texlive/texmf-dist/tex/generic/pgf/basiclayer/pgfcorepoints.code.te
x
File: pgfcorepoints.code.tex 2020/01/08 v3.1.5b (3.1.5b)
\pgf@picminx=\dimen186
\pgf@picmaxx=\dimen187
\pgf@picminy=\dimen188
\pgf@picmaxy=\dimen189
\pgf@pathminx=\dimen190
\pgf@pathmaxx=\dimen191
\pgf@pathminy=\dimen192
\pgf@pathmaxy=\dimen193
\pgf@xx=\dimen194
\pgf@xy=\dimen195
\pgf@yx=\dimen196
\pgf@yy=\dimen197
\pgf@zx=\dimen198
\pgf@zy=\dimen256
)
(/usr/share/texlive/texmf-dist/tex/generic/pgf/basiclayer/pgfcorepathconstruct.
code.tex
File: pgfcorepathconstruct.code.tex 2020/01/08 v3.1.5b (3.1.5b)
\pgf@path@lastx=\dimen257
\pgf@path@lasty=\dimen258
)
(/usr/share/texlive/texmf-dist/tex/generic/pgf/basiclayer/pgfcorepathusage.code
.tex
File: pgfcorepathusage.code.tex 2020/01/08 v3.1.5b (3.1.5b)
\pgf@shorten@end@additional=\dimen259
\pgf@shorten@start@additional=\dimen260
)
(/usr/share/texlive/texmf-dist/tex/generic/pgf/basiclayer/pgfcorescopes.code.te
x
File: pgfcorescopes.code.tex 2020/01/08 v3.1.5b (3.1.5b)
\pgfpic=\box98
\pgf@hbox=\box99
\pgf@layerbox@main=\box100
\pgf@picture@serial@count=\count313
)
(/usr/share/texlive/texmf-dist/tex/generic/pgf/basiclayer/pgfcoregraphicstate.c
ode.tex
File: pgfcoregraphicstate.code.tex 2020/01/08 v3.1.5b (3.1.5b)
\pgflinewidth=\dimen261
)
(/usr/share/texlive/texmf-dist/tex/generic/pgf/basiclayer/pgfcoretransformation
s.code.tex
File: pgfcoretransformations.code.tex 2020/01/08 v3.1.5b (3.1.5b)
\pgf@pt@x=\dimen262
\pgf@pt@y=\dimen263
\pgf@pt@temp=\dimen264
)
(/usr/share/texlive/texmf-dist/tex/generic/pgf/basiclayer/pgfcorequick.code.tex
File: pgfcorequick.code.tex 2020/01/08 v3.1.5b (3.1.5b)
)
(/usr/share/texlive/texmf-dist/tex/generic/pgf/basiclayer/pgfcoreobjects.code.t
ex
File: pgfcoreobjects.code.tex 2020/01/08 v3.1.5b (3.1.5b)
)
(/usr/share/texlive/texmf-dist/tex/generic/pgf/basiclayer/pgfcorepathprocessing
.code.tex
File: pgfcorepathprocessing.code.tex 2020/01/08 v3.1.5b (3.1.5b)
)
(/usr/share/texlive/texmf-dist/tex/generic/pgf/basiclayer/pgfcorearrows.code.te
x
File: pgfcorearrows.code.tex 2020/01/08 v3.1.5b (3.1.5b)
\pgfarrowsep=\dimen265
)
(/usr/share/texlive/texmf-dist/tex/generic/pgf/basiclayer/pgfcoreshade.code.tex
File: pgfcoreshade.code.tex 2020/01/08 v3.1.5b (3.1.5b)
\pgf@max=\dimen266
\pgf@sys@shading@range@num=\count314
\pgf@shadingcount=\count315
)
(/usr/share/texlive/texmf-dist/tex/generic/pgf/basiclayer/pgfcoreimage.code.tex
File: pgfcoreimage.code.tex 2020/01/08 v3.1.5b (3.1.5b)

(/usr/share/texlive/texmf-dist/tex/generic/pgf/basiclayer/pgfcoreexternal.code.
tex
File: pgfcoreexternal.code.tex 2020/01/08 v3.1.5b (3.1.5b)
\pgfexternal@startupbox=\box101
))
(/usr/share/texlive/texmf-dist/tex/generic/pgf/basiclayer/pgfcorelayers.code.te
x
File: pgfcorelayers.code.tex 2020/01/08 v3.1.5b (3.1.5b)
)
(/usr/share/texlive/texmf-dist/tex/generic/pgf/basiclayer/pgfcoretransparency.c
ode.tex
File: pgfcoretransparency.code.tex 2020/01/08 v3.1.5b (3.1.5b)
)
(/usr/share/texlive/texmf-dist/tex/generic/pgf/basiclayer/pgfcorepatterns.code.
tex
File: pgfcorepatterns.code.tex 2020/01/08 v3.1.5b (3.1.5b)
)
(/usr/share/texlive/texmf-dist/tex/generic/pgf/basiclayer/pgfcorerdf.code.tex
File: pgfcorerdf.code.tex 2020/01/08 v3.1.5b (3.1.5b)
)))
(/usr/share/texlive/texmf-dist/tex/generic/pgf/modules/pgfmoduleshapes.code.tex
File: pgfmoduleshapes.code.tex 2020/01/08 v3.1.5b (3.1.5b)
\pgfnodeparttextbox=\box102
) (/usr/share/texlive/texmf-dist/tex/generic/pgf/modules/pgfmoduleplot.code.tex
File: pgfmoduleplot.code.tex 2020/01/08 v3.1.5b (3.1.5b)
)
(/usr/share/texlive/texmf-dist/tex/latex/pgf/compatibility/pgfcomp-version-0-65
.sty
Package: pgfcomp-version-0-65 2020/01/08 v3.1.5b (3.1.5b)
\pgf@nodesepstart=\dimen267
\pgf@nodesepend=\dimen268
)
(/usr/share/texlive/texmf-dist/tex/latex/pgf/compatibility/pgfcomp-version-1-18
.sty
Package: pgfcomp-version-1-18 2020/01/08 v3.1.5b (3.1.5b)
)) (/usr/share/texlive/texmf-dist/tex/latex/tools/verbatim.sty
Package: verbatim 2019/11/10 v1.5r LaTeX2e package for verbatim enhancements
\every@verbatim=\toks41
\verbatim@line=\toks42
\verbatim@in@stream=\read3
)
(/usr/share/texlive/texmf-dist/tex/latex/environ/environ.sty
Package: environ 2014/05/04 v0.3 A new way to define environments

(/usr/share/texlive/texmf-dist/tex/latex/trimspaces/trimspaces.sty
Package: trimspaces 2009/09/17 v1.1 Trim spaces around a token list
))
(/usr/share/texlive/texmf-dist/tex/latex/etoolbox/etoolbox.sty
Package: etoolbox 2019/09/21 v2.5h e-TeX tools for LaTeX (JAW)
\etb@tempcnta=\count316
)
\tcb@titlebox=\box103
\tcb@upperbox=\box104
\tcb@lowerbox=\box105
\tcb@phantombox=\box106
\c@tcbbreakpart=\count317
\c@tcblayer=\count318
\tcolorbox@number=\count319
\tcb@temp=\box107
\tcb@temp=\box108
\tcb@temp=\box109
\tcb@temp=\box110
\tcb@out=\write4
\tcb@record@out=\write5
)
(/usr/share/texlive/texmf-dist/tex/latex/tikz-cd/tikz-cd.sty
Package: tikz-cd 2018/11/19 v0.9f Commutative diagrams with TikZ

(/usr/share/texlive/texmf-dist/tex/latex/pgf/frontendlayer/tikz.sty
(/usr/share/texlive/texmf-dist/tex/latex/pgf/utilities/pgffor.sty
(/usr/share/texlive/texmf-dist/tex/latex/pgf/utilities/pgfkeys.sty
(/usr/share/texlive/texmf-dist/tex/generic/pgf/utilities/pgfkeys.code.tex))
(/usr/share/texlive/texmf-dist/tex/latex/pgf/math/pgfmath.sty
(/usr/share/texlive/texmf-dist/tex/generic/pgf/math/pgfmath.code.tex))
(/usr/share/texlive/texmf-dist/tex/generic/pgf/utilities/pgffor.code.tex
Package: pgffor 2020/01/08 v3.1.5b (3.1.5b)

(/usr/share/texlive/texmf-dist/tex/generic/pgf/math/pgfmath.code.tex)
\pgffor@iter=\dimen269
\pgffor@skip=\dimen270
\pgffor@stack=\toks43
\pgffor@toks=\toks44
))
(/usr/share/texlive/texmf-dist/tex/generic/pgf/frontendlayer/tikz/tikz.code.tex
Package: tikz 2020/01/08 v3.1.5b (3.1.5b)

(/usr/share/texlive/texmf-dist/tex/generic/pgf/libraries/pgflibraryplothandlers
.code.tex
File: pgflibraryplothandlers.code.tex 2020/01/08 v3.1.5b (3.1.5b)
\pgf@plot@mark@count=\count320
\pgfplotmarksize=\dimen271
)
\tikz@lastx=\dimen272
\tikz@lasty=\dimen273
\tikz@lastxsaved=\dimen274
\tikz@lastysaved=\dimen275
\tikz@lastmovetox=\dimen276
\tikz@lastmovetoy=\dimen277
\tikzleveldistance=\dimen278
\tikzsiblingdistance=\dimen279
\tikz@figbox=\box111
\tikz@figbox@bg=\box112
\tikz@tempbox=\box113
\tikz@tempbox@bg=\box114
\tikztreelevel=\count321
\tikznumberofchildren=\count322
\tikznumberofcurrentchild=\count323
\tikz@fig@count=\count324

(/usr/share/texlive/texmf-dist/tex/generic/pgf/modules/pgfmodulematrix.code.tex
File: pgfmodulematrix.code.tex 2020/01/08 v3.1.5b (3.1.5b)
\pgfmatrixcurrentrow=\count325
\pgfmatrixcurrentcolumn=\count326
\pgf@matrix@numberofcolumns=\count327
)
\tikz@expandcount=\count328

(/usr/share/texlive/texmf-dist/tex/generic/pgf/frontendlayer/tikz/libraries/tik
zlibrarytopaths.code.tex
File: tikzlibrarytopaths.code.tex 2020/01/08 v3.1.5b (3.1.5b)
)))
(/usr/share/texlive/texmf-dist/tex/generic/tikz-cd/tikzlibrarycd.code.tex
(/usr/share/texlive/texmf-dist/tex/generic/pgf/frontendlayer/tikz/libraries/tik
zlibrarymatrix.code.tex
File: tikzlibrarymatrix.code.tex 2020/01/08 v3.1.5b (3.1.5b)
)
(/usr/share/texlive/texmf-dist/tex/generic/pgf/frontendlayer/tikz/libraries/tik
zlibraryquotes.code.tex
File: tikzlibraryquotes.code.tex 2020/01/08 v3.1.5b (3.1.5b)
)
(/usr/share/texlive/texmf-dist/tex/generic/pgf/libraries/pgflibraryarrows.meta.
code.tex
File: pgflibraryarrows.meta.code.tex 2020/01/08 v3.1.5b (3.1.5b)
\pgfarrowinset=\dimen280
\pgfarrowlength=\dimen281
\pgfarrowwidth=\dimen282
\pgfarrowlinewidth=\dimen283
))) (/usr/share/texlive/texmf-dist/tex/latex/was/gensymb.sty
Package: gensymb 2003/07/02 v1.0 (WaS)
)
(/usr/share/texlive/texmf-dist/tex/latex/was/upgreek.sty
Package: upgreek 2003/02/12 v2.0 (WaS)
Package upgreek Info: Using Euler Roman for upright Greek on input line 31.
\symugrf@m=\mathgroup7
LaTeX Font Info:    Overwriting symbol font `ugrf@m' in version `bold'
(Font)                  U/eur/m/n --> U/eur/b/n on input line 38.
)
(/usr/share/texlive/texmf-dist/tex/latex/doublestroke/dsfont.sty
Package: dsfont 1995/08/01 v0.1 Double stroke roman fonts
)
\c@thm=\count329
\c@con=\count330
\c@ntn=\count331
\c@rem=\count332

(/usr/share/texlive/texmf-dist/tex/latex/l3backend/l3backend-pdfmode.def
File: l3backend-pdfmode.def 2020-02-03 L3 backend support: PDF mode
\l__kernel_color_stack_int=\count333
\l__pdf_internal_box=\box115
)
(./TheoreticalNeuroscience.aux

LaTeX Warning: Label `equ:1.21' multiply defined.


LaTeX Warning: Label `equ:1.44' multiply defined.


LaTeX Warning: Label `equ:1.35' multiply defined.


LaTeX Warning: Label `equ:2.6' multiply defined.


LaTeX Warning: Label `asm:surfaceForceViscous' multiply defined.

)
\openout1 = `TheoreticalNeuroscience.aux'.

LaTeX Font Info:    Checking defaults for OML/cmm/m/it on input line 80.
LaTeX Font Info:    ... okay on input line 80.
LaTeX Font Info:    Checking defaults for OMS/cmsy/m/n on input line 80.
LaTeX Font Info:    ... okay on input line 80.
LaTeX Font Info:    Checking defaults for OT1/cmr/m/n on input line 80.
LaTeX Font Info:    ... okay on input line 80.
LaTeX Font Info:    Checking defaults for T1/cmr/m/n on input line 80.
LaTeX Font Info:    ... okay on input line 80.
LaTeX Font Info:    Checking defaults for TS1/cmr/m/n on input line 80.
LaTeX Font Info:    ... okay on input line 80.
LaTeX Font Info:    Checking defaults for OMX/cmex/m/n on input line 80.
LaTeX Font Info:    ... okay on input line 80.
LaTeX Font Info:    Checking defaults for U/cmr/m/n on input line 80.
LaTeX Font Info:    ... okay on input line 80.
LaTeX Font Info:    Checking defaults for C00/song/m/n on input line 80.
LaTeX Font Info:    ... okay on input line 80.
LaTeX Font Info:    Checking defaults for C05/song/m/n on input line 80.
LaTeX Font Info:    ... okay on input line 80.
LaTeX Font Info:    Checking defaults for C09/song/m/n on input line 80.
LaTeX Font Info:    ... okay on input line 80.
LaTeX Font Info:    Checking defaults for C10/song/m/n on input line 80.
LaTeX Font Info:    ... okay on input line 80.
LaTeX Font Info:    Checking defaults for C20/song/m/n on input line 80.
LaTeX Font Info:    ... okay on input line 80.
LaTeX Font Info:    Checking defaults for C19/song/m/n on input line 80.
LaTeX Font Info:    ... okay on input line 80.
LaTeX Font Info:    Checking defaults for C40/song/m/n on input line 80.
LaTeX Font Info:    ... okay on input line 80.
LaTeX Font Info:    Checking defaults for C42/song/m/n on input line 80.
LaTeX Font Info:    ... okay on input line 80.
LaTeX Font Info:    Checking defaults for C43/song/m/n on input line 80.
LaTeX Font Info:    ... okay on input line 80.
LaTeX Font Info:    Checking defaults for C50/song/m/n on input line 80.
LaTeX Font Info:    ... okay on input line 80.
LaTeX Font Info:    Checking defaults for C52/song/m/n on input line 80.
LaTeX Font Info:    ... okay on input line 80.
LaTeX Font Info:    Checking defaults for C49/song/m/n on input line 80.
LaTeX Font Info:    ... okay on input line 80.
LaTeX Font Info:    Checking defaults for C60/mj/m/n on input line 80.
LaTeX Font Info:    ... okay on input line 80.
LaTeX Font Info:    Checking defaults for C61/mj/m/n on input line 80.
LaTeX Font Info:    ... okay on input line 80.
LaTeX Font Info:    Checking defaults for C63/mj/m/n on input line 80.
LaTeX Font Info:    ... okay on input line 80.
LaTeX Font Info:    Checking defaults for C64/mj/m/n on input line 80.
LaTeX Font Info:    ... okay on input line 80.
LaTeX Font Info:    Checking defaults for C65/mj/m/n on input line 80.
LaTeX Font Info:    ... okay on input line 80.
LaTeX Font Info:    Checking defaults for C70/song/m/n on input line 80.
LaTeX Font Info:    ... okay on input line 80.
LaTeX Font Info:    Checking defaults for C31/song/m/n on input line 80.
LaTeX Font Info:    ... okay on input line 80.
LaTeX Font Info:    Checking defaults for C32/song/m/n on input line 80.
LaTeX Font Info:    ... okay on input line 80.
LaTeX Font Info:    Checking defaults for C33/song/m/n on input line 80.
LaTeX Font Info:    ... okay on input line 80.
LaTeX Font Info:    Checking defaults for C34/song/m/n on input line 80.
LaTeX Font Info:    ... okay on input line 80.
LaTeX Font Info:    Checking defaults for C35/song/m/n on input line 80.
LaTeX Font Info:    ... okay on input line 80.
LaTeX Font Info:    Checking defaults for C36/song/m/n on input line 80.
LaTeX Font Info:    ... okay on input line 80.
LaTeX Font Info:    Checking defaults for C37/song/m/n on input line 80.
LaTeX Font Info:    ... okay on input line 80.
LaTeX Font Info:    Checking defaults for C80/song/m/n on input line 80.
LaTeX Font Info:    ... okay on input line 80.
LaTeX Font Info:    Checking defaults for C81/song/m/n on input line 80.
LaTeX Font Info:    ... okay on input line 80.
LaTeX Font Info:    Checking defaults for C01/song/m/n on input line 80.
LaTeX Font Info:    ... okay on input line 80.
LaTeX Font Info:    Checking defaults for C11/song/m/n on input line 80.
LaTeX Font Info:    ... okay on input line 80.
LaTeX Font Info:    Checking defaults for C21/song/m/n on input line 80.
LaTeX Font Info:    ... okay on input line 80.
LaTeX Font Info:    Checking defaults for C41/song/m/n on input line 80.
LaTeX Font Info:    ... okay on input line 80.
LaTeX Font Info:    Checking defaults for C62/song/m/n on input line 80.
LaTeX Font Info:    ... okay on input line 80.

*geometry* driver: auto-detecting
*geometry* detected driver: pdftex
*geometry* verbose mode - [ preamble ] result:
* driver: pdftex
* paper: letterpaper
* layout: <same size as paper>
* layoutoffset:(h,v)=(0.0pt,0.0pt)
* modes: 
* h-part:(L,W,R)=(42.67912pt, 528.93675pt, 42.67912pt)
* v-part:(T,H,B)=(0.0pt, 766.51724pt, 28.45274pt)
* \paperwidth=614.295pt
* \paperheight=845.04675pt
* \textwidth=528.93675pt
* \textheight=714.16434pt
* \oddsidemargin=-29.59087pt
* \evensidemargin=-29.59087pt
* \topmargin=-28.45274pt
* \headheight=12.0pt
* \headsep=18.06749pt
* \topskip=10.0pt
* \footskip=25.29494pt
* \marginparwidth=69.0pt
* \marginparsep=7.0pt
* \columnsep=10.0pt
* \skip\footins=9.0pt plus 4.0pt minus 2.0pt
* \hoffset=0.0pt
* \voffset=0.0pt
* \mag=1000
* \@twocolumnfalse
* \@twosidefalse
* \@mparswitchfalse
* \@reversemarginfalse
* (1in=72.27pt=25.4mm, 1cm=28.453pt)

(/usr/share/texlive/texmf-dist/tex/context/base/mkii/supp-pdf.mkii
[Loading MPS to PDF converter (version 2006.09.02).]
\scratchcounter=\count334
\scratchdimen=\dimen284
\scratchbox=\box116
\nofMPsegments=\count335
\nofMParguments=\count336
\everyMPshowfont=\toks45
\MPscratchCnt=\count337
\MPscratchDim=\dimen285
\MPnumerator=\count338
\makeMPintoPDFobject=\count339
\everyMPtoPDFconversion=\toks46
) (/usr/share/texlive/texmf-dist/tex/latex/epstopdf-pkg/epstopdf-base.sty
Package: epstopdf-base 2020-01-24 v2.11 Base part for package epstopdf
Package epstopdf-base Info: Redefining graphics rule for `.eps' on input line 4
85.

(/usr/share/texlive/texmf-dist/tex/latex/latexconfig/epstopdf-sys.cfg
File: epstopdf-sys.cfg 2010/07/13 v1.3 Configuration of (r)epstopdf for TeX Liv
e
))
ABD: EveryShipout initializing macros
LaTeX Info: Redefining \celsius on input line 80.
Package gensymb Info: Faking symbols for \degree and \celsius on input line 80.



Package gensymb Warning: Not defining \perthousand.

LaTeX Info: Redefining \ohm on input line 80.
Package gensymb Info: Using \Omega for \ohm on input line 80.

Package gensymb Warning: Not defining \micro.

(./TheoreticalNeuroscience.toc
LaTeX Font Info:    Trying to load font information for U+msa on input line 2.

(/usr/share/texlive/texmf-dist/tex/latex/amsfonts/umsa.fd
File: umsa.fd 2013/01/14 v3.01 AMS symbols A
)
LaTeX Font Info:    Trying to load font information for U+msb on input line 2.

(/usr/share/texlive/texmf-dist/tex/latex/amsfonts/umsb.fd
File: umsb.fd 2013/01/14 v3.01 AMS symbols B
)
LaTeX Font Info:    Trying to load font information for U+rsfs on input line 2.


(/usr/share/texlive/texmf-dist/tex/latex/jknapltx/ursfs.fd
File: ursfs.fd 1998/03/24 rsfs font definition file (jk)
))
\tf@toc=\write6
\openout6 = `TheoreticalNeuroscience.toc'.


(./chap/Introduction.tex [1


{/var/lib/texmf/fonts/map/pdftex/updmap/pdftex.map}]) (./chap/NeuralEncoding1/m
ain.tex [2

]
Chapter 1.
(./chap/NeuralEncoding1/Part1.tex
<png/Figure1-1.png, id=16, 231.86626pt x 459.7175pt>
File: png/Figure1-1.png Graphic file (type png)
<use png/Figure1-1.png>
Package pdftex.def Info: png/Figure1-1.png  used on input line 8.
(pdftex.def)             Requested size: 81.15439pt x 160.90353pt.
<png/Figure1-2.png, id=17, 392.21532pt x 216.05719pt>
File: png/Figure1-2.png Graphic file (type png)
<use png/Figure1-2.png>
Package pdftex.def Info: png/Figure1-2.png  used on input line 14.
(pdftex.def)             Requested size: 215.71909pt x 118.8318pt.
<png/Figure1-3.png, id=18, 581.17125pt x 463.7325pt>
File: png/Figure1-3.png Graphic file (type png)
<use png/Figure1-3.png>
Package pdftex.def Info: png/Figure1-3.png  used on input line 30.
(pdftex.def)             Requested size: 203.41298pt x 162.30879pt.
 [3

 <./png/Figure1-1.png> <./png/Figure1-2.png>]) (./chap/NeuralEncoding1/Part2.te
x) (./chap/NeuralEncoding1/Part3.tex
[4 <./png/Figure1-3.png (PNG copy)>]
<./png/computation-spiTriAvST.png, id=30, 414.54875pt x 374.39874pt>
File: ./png/computation-spiTriAvST.png Graphic file (type png)
<use ./png/computation-spiTriAvST.png>
Package pdftex.def Info: ./png/computation-spiTriAvST.png  used on input line 1
28.
(pdftex.def)             Requested size: 190.69473pt x 172.22551pt.


LaTeX Warning: Reference `equ:1.1' on page 5 undefined on input line 135.


LaTeX Warning: Reference `equ:1.2' on page 5 undefined on input line 135.

[5 <./png/computation-spiTriAvSt.png>]
<./png/spiTriAvST-elefish.png, id=36, 521.95pt x 190.7125pt>
File: ./png/spiTriAvST-elefish.png Graphic file (type png)
<use ./png/spiTriAvST-elefish.png>
Package pdftex.def Info: ./png/spiTriAvST-elefish.png  used on input line 186.
(pdftex.def)             Requested size: 229.6587pt x 83.91374pt.

Overfull \hbox (10.28502pt too wide) detected at line 285
[][][]
 []

[6 <./png/spiTriAvSt-elefish.png>]
Underfull \hbox (badness 10000) in paragraph at lines 353--353
[]\OT1/cmr/bx/n/12 Multiple-Spike-Triggered Av-er-ages
 []

<./png/1.10-blowflyH1neuron.png, id=42, 857.2025pt x 329.23pt>
File: ./png/1.10-blowflyH1neuron.png Graphic file (type png)
<use ./png/1.10-blowflyH1neuron.png>
Package pdftex.def Info: ./png/1.10-blowflyH1neuron.png  used on input line 367
.
(pdftex.def)             Requested size: 257.16273pt x 98.76976pt.
) (./chap/NeuralEncoding1/Part4.tex [7 <./png/1.10-blowflyH1neuron.png>]
[8]
Overfull \hbox (5.51215pt too wide) detected at line 47
\OT1/cmr/m/n/9 = [][] [][] \OML/cmm/m/it/9 ::: [][] p\OT1/cmr/m/n/9 [\OML/cmm/m
/it/9 s[]; s[]; :::; s[]\OT1/cmr/m/n/9 ]\OML/cmm/m/it/9 ds[]:::ds[]ds[][] 
 []

<png/Figure1-11-A.png, id=52, 527.9725pt x 461.725pt>
File: png/Figure1-11-A.png Graphic file (type png)
<use png/Figure1-11-A.png>
Package pdftex.def Info: png/Figure1-11-A.png  used on input line 115.
(pdftex.def)             Requested size: 190.06995pt x 166.22087pt.
<png/Figure1-11-B.png, id=53, 552.0625pt x 441.65pt>
File: png/Figure1-11-B.png Graphic file (type png)
<use png/Figure1-11-B.png>
Package pdftex.def Info: png/Figure1-11-B.png  used on input line 124.
(pdftex.def)             Requested size: 198.74234pt x 158.99387pt.
[9 <./png/Figure1-11-A.png>]
Underfull \hbox (badness 10000) in paragraph at lines 168--170

 []


Underfull \hbox (badness 10000) in paragraph at lines 173--175

 []


Underfull \hbox (badness 10000) in paragraph at lines 178--180

 []


LaTeX Font Warning: Command \small invalid in math mode on input line 181.


Overfull \hbox (2.3363pt too wide) detected at line 183
[] \OT1/cmr/m/n/9 = (\OML/cmm/m/it/9 rTe[]\OT1/cmr/m/n/9 )[] [](\OMS/cmsy/m/n/9
 ^^@\OML/cmm/m/it/9 rT\OT1/cmr/m/n/9 ) [](\OML/cmm/m/it/9 rTe[]\OT1/cmr/m/n/9 )
 + \OML/cmm/m/it/9 rTe[] []\OT1/cmr/m/n/9 (\OMS/cmsy/m/n/9 ^^@\OML/cmm/m/it/9 r
T\OT1/cmr/m/n/9 ) [](\OML/cmm/m/it/9 rTe[]\OT1/cmr/m/n/9 )\OML/cmm/m/it/9 :
 []

LaTeX Font Info:    Calculating math sizes for size <> on input line 183.

LaTeX Font Warning: Font shape `OT1/cmr/m/n' in size <> not available
(Font)              size <5> substituted on input line 183.


LaTeX Font Warning: Font shape `OT1/cmr/m/n' in size <0.7> not available
(Font)              size <5> substituted on input line 183.


LaTeX Font Warning: Font shape `OT1/cmr/m/n' in size <0.5> not available
(Font)              size <5> substituted on input line 183.


LaTeX Font Warning: Font shape `OML/cmm/m/it' in size <> not available
(Font)              size <5> substituted on input line 183.


LaTeX Font Warning: Font shape `OML/cmm/m/it' in size <0.7> not available
(Font)              size <5> substituted on input line 183.


LaTeX Font Warning: Font shape `OML/cmm/m/it' in size <0.5> not available
(Font)              size <5> substituted on input line 183.


LaTeX Font Warning: Font shape `OMS/cmsy/m/n' in size <> not available
(Font)              size <5> substituted on input line 183.


LaTeX Font Warning: Font shape `OMS/cmsy/m/n' in size <0.7> not available
(Font)              size <5> substituted on input line 183.


LaTeX Font Warning: Font shape `OMS/cmsy/m/n' in size <0.5> not available
(Font)              size <5> substituted on input line 183.


LaTeX Font Warning: Font shape `OT1/cmr/bx/n' in size <> not available
(Font)              size <5> substituted on input line 183.


LaTeX Font Warning: Font shape `OT1/cmr/bx/n' in size <0.7> not available
(Font)              size <5> substituted on input line 183.


LaTeX Font Warning: Font shape `OT1/cmr/bx/n' in size <0.5> not available
(Font)              size <5> substituted on input line 183.


LaTeX Font Warning: Font shape `U/rsfs/m/n' in size <> not available
(Font)              size <5> substituted on input line 183.


LaTeX Font Warning: Font shape `U/rsfs/m/n' in size <0.7> not available
(Font)              size <5> substituted on input line 183.


LaTeX Font Warning: Font shape `U/rsfs/m/n' in size <0.5> not available
(Font)              size <5> substituted on input line 183.

[10 <./png/Figure1-11-B.png>]
Underfull \hbox (badness 10000) in paragraph at lines 236--236
[]\OT1/cmr/bx/n/12 The Spike-Train Au-to-cor-re-la-tion
 []


LaTeX Warning: Reference `equ:1.1' on page 11 undefined on input line 243.

<png/Figure1-12-A.png, id=72, 636.3775pt x 696.6025pt>
File: png/Figure1-12-A.png Graphic file (type png)
<use png/Figure1-12-A.png>
Package pdftex.def Info: png/Figure1-12-A.png  used on input line 279.
(pdftex.def)             Requested size: 229.09572pt x 250.7767pt.
<png/Figure1-12-B.png, id=73, 606.265pt x 674.52pt>
File: png/Figure1-12-B.png Graphic file (type png)
<use png/Figure1-12-B.png>
Package pdftex.def Info: png/Figure1-12-B.png  used on input line 283.
(pdftex.def)             Requested size: 218.25523pt x 242.82701pt.
[11 <./png/Figure1-12-A.png>]

LaTeX Font Warning: Command \small invalid in math mode on input line 330.


Overfull \hbox (8.31346pt too wide) detected at line 337
[][]
 []

[12 <./png/Figure1-12-B.png>]
<png/Figure1-13-A.png, id=82, 1322.9425pt x 373.395pt>
File: png/Figure1-13-A.png Graphic file (type png)
<use png/Figure1-13-A.png>
Package pdftex.def Info: png/Figure1-13-A.png  used on input line 379.
(pdftex.def)             Requested size: 264.58382pt x 74.67767pt.

Overfull \hbox (5.11545pt too wide) in paragraph at lines 379--379
 [] 
 []

<png/Figure1-13-B.png, id=83, 1288.815pt x 391.4625pt>
File: png/Figure1-13-B.png Graphic file (type png)
<use png/Figure1-13-B.png>
Package pdftex.def Info: png/Figure1-13-B.png  used on input line 384.
(pdftex.def)             Requested size: 257.75844pt x 78.2911pt.
<png/Figure1-13-C.png, id=84, 1292.83pt x 363.3575pt>
File: png/Figure1-13-C.png Graphic file (type png)
<use png/Figure1-13-C.png>
Package pdftex.def Info: png/Figure1-13-C.png  used on input line 389.
(pdftex.def)             Requested size: 258.56142pt x 72.6702pt.
<png/Figure1-14-A.png, id=85, 519.9425pt x 590.205pt>
File: png/Figure1-14-A.png Graphic file (type png)
<use png/Figure1-14-A.png>
Package pdftex.def Info: png/Figure1-14-A.png  used on input line 428.
(pdftex.def)             Requested size: 187.17915pt x 212.47363pt.
<png/Figure1-14-B.png, id=86, 728.7225pt x 256.96pt>
File: png/Figure1-14-B.png Graphic file (type png)
<use png/Figure1-14-B.png>
Package pdftex.def Info: png/Figure1-14-B.png  used on input line 433.
(pdftex.def)             Requested size: 262.33989pt x 92.50552pt.

Overfull \hbox (2.87152pt too wide) in paragraph at lines 433--433
 [] 
 []

<png/Figure1-14-C.png, id=87, 744.7825pt x 319.1925pt>
File: png/Figure1-14-C.png Graphic file (type png)
<use png/Figure1-14-C.png>
Package pdftex.def Info: png/Figure1-14-C.png  used on input line 438.
(pdftex.def)             Requested size: 268.12149pt x 114.90921pt.

Overfull \hbox (8.65312pt too wide) in paragraph at lines 438--438
 [] 
 []

[13 <./png/Figure1-13-A.png> <./png/Figure1-13-B.png> <./png/Figure1-13-C.png> 
<./png/Figure1-14-A.png> <./png/Figure1-14-B.png>]
<png/Figure1-15-A.png, id=97, 642.4pt x 383.4325pt>
File: png/Figure1-15-A.png Graphic file (type png)
<use png/Figure1-15-A.png>
Package pdftex.def Info: png/Figure1-15-A.png  used on input line 453.
(pdftex.def)             Requested size: 220.42331pt x 116.35455pt.
<png/Figure1-15-B.png, id=99, 616.3025pt x 371.3875pt>
File: png/Figure1-15-B.png Graphic file (type png)
<use png/Figure1-15-B.png>
Package pdftex.def Info: png/Figure1-15-B.png  used on input line 475.
(pdftex.def)             Requested size: 207.4147pt x 119.24538pt.
<png/Figure1-16.png, id=101, 714.67pt x 620.3175pt>
File: png/Figure1-16.png Graphic file (type png)
<use png/Figure1-16.png>
Package pdftex.def Info: png/Figure1-16.png  used on input line 484.
(pdftex.def)             Requested size: 257.28099pt x 223.31413pt.
<png/Figure1-17.png, id=102, 1096.095pt x 389.455pt>
File: png/Figure1-17.png Graphic file (type png)
<use png/Figure1-17.png>
Package pdftex.def Info: png/Figure1-17.png  used on input line 498.
(pdftex.def)             Requested size: 274.02307pt x 97.36351pt.

Overfull \hbox (14.5547pt too wide) in paragraph at lines 498--498
 [] 
 []

[14 <./png/Figure1-15-A.png> <./png/Figure1-15-B.png> <./png/Figure1-14-C.png> 
<./png/Figure1-16.png>]) (./chap/NeuralEncoding1/Part5.tex
Underfull \hbox (badness 10000) in paragraph at lines 4--4
[]\OT1/cmr/bx/n/12 Independent-Spike,Independent-
 []


Underfull \hbox (badness 10000) in paragraph at lines 12--13
[]\OT1/cmr/bx/n/10 Definition 1.68 \OT1/cmr/m/n/10 (\OT1/cmr/m/it/10 In-de-pen-
den-t-Neu-ron Code\OT1/cmr/m/n/10 )\OT1/cmr/bx/n/10 .
 []

<./png/Figure1-18.png, id=112, 369.38pt x 329.23pt>
File: ./png/Figure1-18.png Graphic file (type png)
<use ./png/Figure1-18.png>
Package pdftex.def Info: ./png/Figure1-18.png  used on input line 19.
(pdftex.def)             Requested size: 184.68954pt x 164.6146pt.
[15 <./png/Figure1-17.png>]
<./png/Figure1-19.png, id=117, 274.02374pt x 287.57437pt>
File: ./png/Figure1-19.png Graphic file (type png)
<use ./png/Figure1-19.png>
Package pdftex.def Info: ./png/Figure1-19.png  used on input line 32.
(pdftex.def)             Requested size: 164.41551pt x 172.54594pt.
)) (./chap/NeuralEncoding2/main.tex [16 <./png/Figure1-18.png (PNG copy)> <./pn
g/Figure1-19.png>]
Chapter 2.
(./chap/NeuralEncoding2/Part1.tex
<./png/touchRecept.png, id=122, 544.0325pt x 472.76625pt>
File: ./png/touchRecept.png Graphic file (type png)
<use ./png/touchRecept.png>
Package pdftex.def Info: ./png/touchRecept.png  used on input line 11.
(pdftex.def)             Requested size: 163.211pt x 141.83096pt.
) (./chap/NeuralEncoding2/Part2.tex [17

 <./png/touchRecept.png>]
<./png/linearFilter.png, id=127, 590.205pt x 750.805pt>
File: ./png/linearFilter.png Graphic file (type png)
<use ./png/linearFilter.png>
Package pdftex.def Info: ./png/linearFilter.png  used on input line 152.
(pdftex.def)             Requested size: 206.57484pt x 262.78568pt.
 [18]
Overfull \hbox (25.8656pt too wide) detected at line 221
[][]
 []

[19 <./png/linearFilter.png>]
<./png/staticNonlinearity.png, id=136, 638.385pt x 511.9125pt>
File: ./png/staticNonlinearity.png Graphic file (type png)
<use ./png/staticNonlinearity.png>
Package pdftex.def Info: ./png/staticNonlinearity.png  used on input line 259.
(pdftex.def)             Requested size: 191.51697pt x 153.57494pt.
<./png/NonlinearExample.png, id=137, 1084.05pt x 789.95125pt>
File: ./png/NonlinearExample.png Graphic file (type png)
<use ./png/NonlinearExample.png>
Package pdftex.def Info: ./png/NonlinearExample.png  used on input line 301.
(pdftex.def)             Requested size: 216.80615pt x 157.98744pt.

Overfull \hbox (7.85155pt too wide) detected at line 318
\OML/cmm/m/it/10 D\OT1/cmr/m/n/10 (\OML/cmm/m/it/10 ^^\\OT1/cmr/m/n/10 ) = [] [
][] \OML/cmm/m/it/10 r[]\OT1/cmr/m/n/10 (\OML/cmm/m/it/10 t\OT1/cmr/m/n/10 )\OM
L/cmm/m/it/10 s\OT1/cmr/m/n/10 (\OML/cmm/m/it/10 ^^\ \OMS/cmsy/m/n/10 ^^@ \OML/
cmm/m/it/10 t\OT1/cmr/m/n/10 )\OML/cmm/m/it/10 dt \OT1/cmr/m/n/10 = [] [][] \OM
L/cmm/m/it/10 F\OT1/cmr/m/n/10 (\OML/cmm/m/it/10 L\OT1/cmr/m/n/10 (\OML/cmm/m/i
t/10 t\OT1/cmr/m/n/10 ))\OML/cmm/m/it/10 s\OT1/cmr/m/n/10 (\OML/cmm/m/it/10 ^^\
 \OMS/cmsy/m/n/10 ^^@ \OML/cmm/m/it/10 t\OT1/cmr/m/n/10 )\OML/cmm/m/it/10 dt;
 []

[20 <./png/staticNonlinearity.png> <./png/NonlinearExample.png>]
<./png/nonlinearGenerator.png, id=143, 876.27374pt x 172.645pt>
File: ./png/nonlinearGenerator.png Graphic file (type png)
<use ./png/nonlinearGenerator.png>
Package pdftex.def Info: ./png/nonlinearGenerator.png  used on input line 342.
(pdftex.def)             Requested size: 262.88414pt x 51.79388pt.

Overfull \hbox (3.41577pt too wide) in paragraph at lines 342--343
 [] 
 []

) (./chap/NeuralEncoding2/Part3.tex
<./png/dogRetina.png, id=144, 720.6925pt x 605.26125pt>
File: ./png/dogRetina.png Graphic file (type png)
<use ./png/dogRetina.png>
Package pdftex.def Info: ./png/dogRetina.png  used on input line 18.
(pdftex.def)             Requested size: 180.17268pt x 151.31493pt.
<./png/visualPathway.png, id=145, 964.60374pt x 647.41875pt>
File: ./png/visualPathway.png Graphic file (type png)
<use ./png/visualPathway.png>
Package pdftex.def Info: ./png/visualPathway.png  used on input line 31.
(pdftex.def)             Requested size: 192.91733pt x 129.48145pt.
 [21 <./png/nonlinearGenerator.png> <./png/dogRetina.png> <./png/visualPathway.
png>]
<./png/sphericalCoord.png, id=152, 230.8625pt x 202.7575pt>
File: ./png/sphericalCoord.png Graphic file (type png)
<use ./png/sphericalCoord.png>
Package pdftex.def Info: ./png/sphericalCoord.png  used on input line 84.
(pdftex.def)             Requested size: 92.34335pt x 81.10156pt.
<./png/polarCoord.png, id=153, 467.7475pt x 307.1475pt>
File: ./png/polarCoord.png Graphic file (type png)
<use ./png/polarCoord.png>
Package pdftex.def Info: ./png/polarCoord.png  used on input line 104.
(pdftex.def)             Requested size: 70.15909pt x 46.07013pt.
<./png/exm_cortexImage.png, id=154, 536.0025pt x 490.83376pt>
File: ./png/exm_cortexImage.png Graphic file (type png)
<use ./png/exm_cortexImage.png>
Package pdftex.def Info: ./png/exm_cortexImage.png  used on input line 131.
(pdftex.def)             Requested size: 107.1986pt x 98.16501pt.
 [22 <./png/sphericalCoord.png> <./png/polarCoord.png>]
<./png/exm_retinotopicMap.png, id=160, 752.8125pt x 562.1pt>
File: ./png/exm_retinotopicMap.png Graphic file (type png)
<use ./png/exm_retinotopicMap.png>
Package pdftex.def Info: ./png/exm_retinotopicMap.png  used on input line 188.
(pdftex.def)             Requested size: 150.55983pt x 112.418pt.
 [23 <./png/exm_cortexImage.png> <./png/exm_retinotopicMap.png>]
<./png/squareWave.png, id=166, 1027.84pt x 540.0175pt>
File: ./png/squareWave.png Graphic file (type png)
<use ./png/squareWave.png>
Package pdftex.def Info: ./png/squareWave.png  used on input line 263.
(pdftex.def)             Requested size: 205.56436pt x 108.00157pt.
<./png/NyqFrequency.png, id=167, 932.48375pt x 506.89375pt>
File: ./png/NyqFrequency.png Graphic file (type png)
<use ./png/NyqFrequency.png>
Package pdftex.def Info: ./png/NyqFrequency.png  used on input line 328.
(pdftex.def)             Requested size: 186.49344pt x 101.37695pt.
 [24 <./png/squareWave.png> <./png/NyqFrequency.png>])
(./chap/NeuralEncoding2/Part4.tex
<./png/spatialExm1.png, id=173, 377.41pt x 735.74875pt>
File: ./png/spatialExm1.png Graphic file (type png)
<use ./png/spatialExm1.png>
Package pdftex.def Info: ./png/spatialExm1.png  used on input line 107.
(pdftex.def)             Requested size: 94.35226pt x 183.93674pt.
<./png/spatialExm2.png, id=174, 400.49625pt x 580.1675pt>
File: ./png/spatialExm2.png Graphic file (type png)
<use ./png/spatialExm2.png>
Package pdftex.def Info: ./png/spatialExm2.png  used on input line 108.
(pdftex.def)             Requested size: 120.1498pt x 174.05157pt.
 [25]
<./png/spatial_stimuliExm.png, id=179, 814.04124pt x 302.12875pt>
File: ./png/spatial_stimuliExm.png Graphic file (type png)
<use ./png/spatial_stimuliExm.png>
Package pdftex.def Info: ./png/spatial_stimuliExm.png  used on input line 130.
(pdftex.def)             Requested size: 244.21425pt x 90.63931pt.
<./png/Gabor1.png, id=180, 599.23875pt x 508.90125pt>
File: ./png/Gabor1.png Graphic file (type png)
<use ./png/Gabor1.png>
Package pdftex.def Info: ./png/Gabor1.png  used on input line 166.
(pdftex.def)             Requested size: 119.84563pt x 101.77844pt.
<./png/Gabor2.png, id=181, 584.1825pt x 515.9275pt>
File: ./png/Gabor2.png Graphic file (type png)
<use ./png/Gabor2.png>
Package pdftex.def Info: ./png/Gabor2.png  used on input line 167.
(pdftex.def)             Requested size: 116.83443pt x 103.18367pt.
<./png/GaborSplitExm.png, id=182, 763.85374pt x 258.9675pt>
File: ./png/GaborSplitExm.png Graphic file (type png)
<use ./png/GaborSplitExm.png>
Package pdftex.def Info: ./png/GaborSplitExm.png  used on input line 175.
(pdftex.def)             Requested size: 252.07251pt x 85.45952pt.
 [26 <./png/spatialExm1.png> <./png/spatialExm2.png> <./png/spatial_stimuliExm.
png> <./png/Gabor1.png> <./png/Gabor2.png> <./png/GaborSplitExm.png>]
<./png/timeDevelopExm.png, id=192, 832.10875pt x 237.88875pt>
File: ./png/timeDevelopExm.png Graphic file (type png)
<use ./png/timeDevelopExm.png>
Package pdftex.def Info: ./png/timeDevelopExm.png  used on input line 214.
(pdftex.def)             Requested size: 249.63455pt x 71.36716pt.
<./png/temporalReceptiveField.png, id=193, 858.20625pt x 358.33875pt>
File: ./png/temporalReceptiveField.png Graphic file (type png)
<use ./png/temporalReceptiveField.png>
Package pdftex.def Info: ./png/temporalReceptiveField.png  used on input line 2
59.
(pdftex.def)             Requested size: 214.55104pt x 89.58446pt.
 [27 <./png/timeDevelopExm.png> <./png/temporalReceptiveField.png>]
<./png/showSelectivity.png, id=199, 1267.73625pt x 401.5pt>
File: ./png/showSelectivity.png Graphic file (type png)
<use ./png/showSelectivity.png>
Package pdftex.def Info: ./png/showSelectivity.png  used on input line 332.
(pdftex.def)             Requested size: 253.54276pt x 80.29857pt.
<./png/frequencyAmplitude.png, id=200, 886.31125pt x 390.45876pt>
File: ./png/frequencyAmplitude.png Graphic file (type png)
<use ./png/frequencyAmplitude.png>
Package pdftex.def Info: ./png/frequencyAmplitude.png  used on input line 341.
(pdftex.def)             Requested size: 221.57727pt x 97.61444pt.
<./png/spaceTimePlotExm.png, id=201, 1244.65pt x 552.0625pt>
File: ./png/spaceTimePlotExm.png Graphic file (type png)
<use ./png/spaceTimePlotExm.png>
Package pdftex.def Info: ./png/spaceTimePlotExm.png  used on input line 357.
(pdftex.def)             Requested size: 248.92558pt x 110.41054pt.
<./png/spaceTimeDiagramExm1.png, id=202, 862.22125pt x 320.19624pt>
File: ./png/spaceTimeDiagramExm1.png Graphic file (type png)
<use ./png/spaceTimeDiagramExm1.png>
Package pdftex.def Info: ./png/spaceTimeDiagramExm1.png  used on input line 371
.
(pdftex.def)             Requested size: 258.66837pt x 96.0596pt.
<./png/responseSelectivityExplain1.png, id=203, 847.165pt x 433.62pt>
File: ./png/responseSelectivityExplain1.png Graphic file (type png)
<use ./png/responseSelectivityExplain1.png>
Package pdftex.def Info: ./png/responseSelectivityExplain1.png  used on input l
ine 388.
(pdftex.def)             Requested size: 228.7376pt x 117.07896pt.
 [28 <./png/showSelectivity.png> <./png/frequencyAmplitude.png> <./png/spaceTim
ePlotExm.png> <./png/spaceTimeDiagramExm1.png>]

LaTeX Warning: The counter will not be printed.
             The label is:  on input line 391.

<./png/responseSelectivityExplain2.png, id=211, 861.2175pt x 659.46375pt>
File: ./png/responseSelectivityExplain2.png Graphic file (type png)
<use ./png/responseSelectivityExplain2.png>
Package pdftex.def Info: ./png/responseSelectivityExplain2.png  used on input l
ine 404.
(pdftex.def)             Requested size: 232.53183pt x 178.05759pt.

LaTeX Warning: The counter will not be printed.
             The label is:  on input line 406.


LaTeX Warning: The counter will not be printed.
             The label is: - on input line 408.

<./png/nonseparableReceptiveFieldExm.png, id=212, 441.65pt x 445.665pt>
File: ./png/nonseparableReceptiveFieldExm.png Graphic file (type png)
<use ./png/nonseparableReceptiveFieldExm.png>
Package pdftex.def Info: ./png/nonseparableReceptiveFieldExm.png  used on input
 line 432.
(pdftex.def)             Requested size: 132.49602pt x 133.70053pt.
[29 <./png/responseSelectivityExplain1.png> <./png/responseSelectivityExplain2.
png> <./png/nonseparableReceptiveFieldExm.png>]
<./png/nonseparableReceptiveFieldEst1.png, id=219, 787.94376pt x 542.025pt>
File: ./png/nonseparableReceptiveFieldEst1.png Graphic file (type png)
<use ./png/nonseparableReceptiveFieldEst1.png>
Package pdftex.def Info: ./png/nonseparableReceptiveFieldEst1.png  used on inpu
t line 486.
(pdftex.def)             Requested size: 196.98546pt x 135.5059pt.
<./png/directionSensitivity.png, id=220, 750.805pt x 564.1075pt>
File: ./png/directionSensitivity.png Graphic file (type png)
<use ./png/directionSensitivity.png>
Package pdftex.def Info: ./png/directionSensitivity.png  used on input line 498
.
(pdftex.def)             Requested size: 225.24323pt x 169.23355pt.


LaTeX Warning: The counter will not be printed.
             The label is:  on input line 500.


LaTeX Warning: The counter will not be printed.
             The label is: - on input line 502.

) (./chap/NeuralEncoding2/Part5.tex [30 <./png/nonseparableReceptiveFieldEst1.p
ng> <./png/directionSensitivity.png>]
<./png/spatialPhaseInvariantExm1.png, id=226, 858.20625pt x 282.05376pt>
File: ./png/spatialPhaseInvariantExm1.png Graphic file (type png)
<use ./png/spatialPhaseInvariantExm1.png>
Package pdftex.def Info: ./png/spatialPhaseInvariantExm1.png  used on input lin
e 73.
(pdftex.def)             Requested size: 257.46387pt x 84.61678pt.
 [31 <./png/spatialPhaseInvariantExm1.png>]
<./png/compareSimpleComplex.png, id=232, 778.91pt x 501.875pt>
File: ./png/compareSimpleComplex.png Graphic file (type png)
<use ./png/compareSimpleComplex.png>
Package pdftex.def Info: ./png/compareSimpleComplex.png  used on input line 109
.
(pdftex.def)             Requested size: 249.25629pt x 160.60327pt.
) (./chap/NeuralEncoding2/Part6.tex
<./png/ONcenterExm.png, id=233, 655.44875pt x 624.3325pt>
File: ./png/ONcenterExm.png Graphic file (type png)
<use ./png/ONcenterExm.png>
Package pdftex.def Info: ./png/ONcenterExm.png  used on input line 17.
(pdftex.def)             Requested size: 131.08742pt x 124.86429pt.
<./png/ONcenterEst.png, id=234, 650.43pt x 528.97626pt>
File: ./png/ONcenterEst.png Graphic file (type png)
<use ./png/ONcenterEst.png>
Package pdftex.def Info: ./png/ONcenterEst.png  used on input line 34.
(pdftex.def)             Requested size: 162.6071pt x 132.24373pt.
 [32 <./png/compareSimpleComplex.png> <./png/ONcenterExm.png>]
<./png/OFFcenterExm.png, id=240, 628.3475pt x 598.235pt>
File: ./png/OFFcenterExm.png Graphic file (type png)
<use ./png/OFFcenterExm.png>
Package pdftex.def Info: ./png/OFFcenterExm.png  used on input line 42.
(pdftex.def)             Requested size: 125.66727pt x 119.64487pt.
<./png/OFFcenterEst.png, id=241, 892.33376pt x 693.59125pt>
File: ./png/OFFcenterEst.png Graphic file (type png)
<use ./png/OFFcenterEst.png>
Package pdftex.def Info: ./png/OFFcenterEst.png  used on input line 71.
(pdftex.def)             Requested size: 223.08289pt x 173.39738pt.
<./png/directTestForLGN.png, id=242, 843.15pt x 623.32875pt>
File: ./png/directTestForLGN.png Graphic file (type png)
<use ./png/directTestForLGN.png>
Package pdftex.def Info: ./png/directTestForLGN.png  used on input line 79.
(pdftex.def)             Requested size: 252.94695pt x 187.00006pt.
) (./chap/NeuralEncoding2/Part7.tex
<./png/simpleCellModel.png, id=243, 654.445pt x 408.52625pt>
File: ./png/simpleCellModel.png Graphic file (type png)
<use ./png/simpleCellModel.png>
Package pdftex.def Info: ./png/simpleCellModel.png  used on input line 17.
(pdftex.def)             Requested size: 130.88667pt x 81.7038pt.
 [33 <./png/ONcenterEst.png> <./png/OFFcenterExm.png> <./png/OFFcenterEst.png> 
<./png/directTestForLGN.png>]
<./png/complexCellModel.png, id=251, 702.625pt x 555.07375pt>
File: ./png/complexCellModel.png Graphic file (type png)
<use ./png/complexCellModel.png>
Package pdftex.def Info: ./png/complexCellModel.png  used on input line 39.
(pdftex.def)             Requested size: 126.46704pt x 99.90895pt.
) (./chap/NeuralEncoding2/Questions.tex)) (./chap/NeuralDecoding/main.tex
[34 <./png/simpleCellModel.png> <./png/complexCellModel.png>]
Chapter 3.
(./chap/NeuralDecoding/Part1.tex) (./chap/NeuralDecoding/Part2.tex)
(./chap/NeuralDecoding/Part3.tex) (./chap/NeuralDecoding/Part4.tex)) [35

]
(./TheoreticalNeuroscience.aux)

LaTeX Font Warning: Size substitutions with differences
(Font)              up to 4.5pt have occurred.


LaTeX Warning: There were undefined references.


LaTeX Warning: There were multiply-defined labels.

 ) 
Here is how much of TeX's memory you used:
 18931 strings out of 481239
 373688 string characters out of 5920378
 603942 words of memory out of 5000000
 33692 multiletter control sequences out of 15000+600000
 549141 words of font info for 89 fonts, out of 8000000 for 9000
 1141 hyphenation exceptions out of 8191
 59i,12n,84p,1688b,482s stack positions out of 5000i,500n,10000p,200000b,80000s
</usr/share/texlive/texmf-dist/fonts/type1/public/amsfonts/cm/cmbx10.pfb></us
r/share/texlive/texmf-dist/fonts/type1/public/amsfonts/cm/cmbx12.pfb></usr/shar
e/texlive/texmf-dist/fonts/type1/public/amsfonts/cm/cmex10.pfb></usr/share/texl
ive/texmf-dist/fonts/type1/public/amsfonts/cmextra/cmex9.pfb></usr/share/texliv
e/texmf-dist/fonts/type1/public/amsfonts/cm/cmmi10.pfb></usr/share/texlive/texm
f-dist/fonts/type1/public/amsfonts/cm/cmmi5.pfb></usr/share/texlive/texmf-dist/
fonts/type1/public/amsfonts/cm/cmmi6.pfb></usr/share/texlive/texmf-dist/fonts/t
ype1/public/amsfonts/cm/cmmi7.pfb></usr/share/texlive/texmf-dist/fonts/type1/pu
blic/amsfonts/cm/cmmi9.pfb></usr/share/texlive/texmf-dist/fonts/type1/public/am
sfonts/cm/cmmib10.pfb></usr/share/texlive/texmf-dist/fonts/type1/public/amsfont
s/cm/cmr10.pfb></usr/share/texlive/texmf-dist/fonts/type1/public/amsfonts/cm/cm
r5.pfb></usr/share/texlive/texmf-dist/fonts/type1/public/amsfonts/cm/cmr6.pfb><
/usr/share/texlive/texmf-dist/fonts/type1/public/amsfonts/cm/cmr7.pfb></usr/sha
re/texlive/texmf-dist/fonts/type1/public/amsfonts/cm/cmr9.pfb></usr/share/texli
ve/texmf-dist/fonts/type1/public/amsfonts/cm/cmsy10.pfb></usr/share/texlive/tex
mf-dist/fonts/type1/public/amsfonts/cm/cmsy5.pfb></usr/share/texlive/texmf-dist
/fonts/type1/public/amsfonts/cm/cmsy6.pfb></usr/share/texlive/texmf-dist/fonts/
type1/public/amsfonts/cm/cmsy7.pfb></usr/share/texlive/texmf-dist/fonts/type1/p
ublic/amsfonts/cm/cmsy9.pfb></usr/share/texlive/texmf-dist/fonts/type1/public/a
msfonts/cm/cmti10.pfb>
Output written on TheoreticalNeuroscience.pdf (35 pages, 3610124 bytes).
PDF statistics:
 327 PDF objects out of 1000 (max. 8388607)
 147 compressed objects within 2 object streams
 0 named destinations out of 1000 (max. 500000)
 330 words of extra memory for PDF output out of 10000 (max. 10000000)

